0 info it worked if it ends with ok
1 verbose cli [ '/usr/local/bin/node',
1 verbose cli   '/usr/local/bin/npm',
1 verbose cli   'run',
1 verbose cli   'after-travis',
1 verbose cli   'make sure files haven\'t changed' ]
2 info using npm@3.5.2
3 info using node@v6.0.0
4 verbose run-script [ 'preafter-travis', 'after-travis', 'postafter-travis' ]
5 info lifecycle shelljs-transpiler@0.2.0~preafter-travis: shelljs-transpiler@0.2.0
6 silly lifecycle shelljs-transpiler@0.2.0~preafter-travis: no script for preafter-travis, continuing
7 info lifecycle shelljs-transpiler@0.2.0~after-travis: shelljs-transpiler@0.2.0
8 verbose lifecycle shelljs-transpiler@0.2.0~after-travis: unsafe-perm in lifecycle true
9 verbose lifecycle shelljs-transpiler@0.2.0~after-travis: PATH: /usr/local/lib/node_modules/npm/bin/node-gyp-bin:/home/nate/programming/Transpiler/node_modules/.bin:/usr/lib/git-core:/usr/local/sbin:/usr/local/bin:/usr/sbin:/usr/bin:/sbin:/bin:/usr/games:/usr/local/games:/home/nate/bin:/home/nate/.npm-global/bin
10 verbose lifecycle shelljs-transpiler@0.2.0~after-travis: CWD: /home/nate/programming/Transpiler
11 silly lifecycle shelljs-transpiler@0.2.0~after-travis: Args: [ '-c',
11 silly lifecycle   'travis-check-changes "make sure files haven\'t changed"' ]
12 silly lifecycle shelljs-transpiler@0.2.0~after-travis: Returned: code: 1  signal: null
13 info lifecycle shelljs-transpiler@0.2.0~after-travis: Failed to exec after-travis script
14 verbose stack Error: shelljs-transpiler@0.2.0 after-travis: `travis-check-changes "make sure files haven't changed"`
14 verbose stack Exit status 1
14 verbose stack     at EventEmitter.<anonymous> (/usr/local/lib/node_modules/npm/lib/utils/lifecycle.js:232:16)
14 verbose stack     at emitTwo (events.js:106:13)
14 verbose stack     at EventEmitter.emit (events.js:191:7)
14 verbose stack     at ChildProcess.<anonymous> (/usr/local/lib/node_modules/npm/lib/utils/spawn.js:24:14)
14 verbose stack     at emitTwo (events.js:106:13)
14 verbose stack     at ChildProcess.emit (events.js:191:7)
14 verbose stack     at maybeClose (internal/child_process.js:850:16)
14 verbose stack     at Process.ChildProcess._handle.onexit (internal/child_process.js:215:5)
15 verbose pkgid shelljs-transpiler@0.2.0
16 verbose cwd /home/nate/programming/Transpiler
17 error Linux 4.2.0-36-generic
18 error argv "/usr/local/bin/node" "/usr/local/bin/npm" "run" "after-travis" "make sure files haven't changed"
19 error node v6.0.0
20 error npm  v3.5.2
21 error code ELIFECYCLE
22 error shelljs-transpiler@0.2.0 after-travis: `travis-check-changes "make sure files haven't changed"`
22 error Exit status 1
23 error Failed at the shelljs-transpiler@0.2.0 after-travis script 'travis-check-changes "make sure files haven't changed"'.
23 error Make sure you have the latest version of node.js and npm installed.
23 error If you do, this is most likely a problem with the shelljs-transpiler package,
23 error not with npm itself.
23 error Tell the author that this fails on your system:
23 error     travis-check-changes "make sure files haven't changed"
23 error You can get information on how to open an issue for this project with:
23 error     npm bugs shelljs-transpiler
23 error Or if that isn't available, you can get their info via:
23 error     npm owner ls shelljs-transpiler
23 error There is likely additional logging output above.
24 verbose exit [ 1, true ]
